Determining if the pthread_create exist failed with the following output:
Change Dir: /home/rozumden/src/fmo-android-denys/fmo-cpp/build/CMakeFiles/CMakeTmp

Run Build Command:"/usr/bin/make" "cmTC_a6aba/fast"
/usr/bin/make -f CMakeFiles/cmTC_a6aba.dir/build.make CMakeFiles/cmTC_a6aba.dir/build
make[1]: Entering directory '/home/rozumden/src/fmo-android-denys/fmo-cpp/build/CMakeFiles/CMakeTmp'
Building C object CMakeFiles/cmTC_a6aba.dir/CheckSymbolExists.c.o
/usr/bin/cc     -o CMakeFiles/cmTC_a6aba.dir/CheckSymbolExists.c.o   -c /home/rozumden/src/fmo-android-denys/fmo-cpp/build/CMakeFiles/CMakeTmp/CheckSymbolExists.c
Linking C executable cmTC_a6aba
/usr/local/bin/cmake -E cmake_link_script CMakeFiles/cmTC_a6aba.dir/link.txt --verbose=1
/usr/bin/cc       CMakeFiles/cmTC_a6aba.dir/CheckSymbolExists.c.o  -o cmTC_a6aba 
CMakeFiles/cmTC_a6aba.dir/CheckSymbolExists.c.o: In function `main':
CheckSymbolExists.c:(.text+0x16): undefined reference to `pthread_create'
collect2: error: ld returned 1 exit status
CMakeFiles/cmTC_a6aba.dir/build.make:97: recipe for target 'cmTC_a6aba' failed
make[1]: *** [cmTC_a6aba] Error 1
make[1]: Leaving directory '/home/rozumden/src/fmo-android-denys/fmo-cpp/build/CMakeFiles/CMakeTmp'
Makefile:126: recipe for target 'cmTC_a6aba/fast' failed
make: *** [cmTC_a6aba/fast] Error 2

File /home/rozumden/src/fmo-android-denys/fmo-cpp/build/CMakeFiles/CMakeTmp/CheckSymbolExists.c:
/* */
#include <pthread.h>

int main(int argc, char** argv)
{
  (void)argv;
#ifndef pthread_create
  return ((int*)(&pthread_create))[argc];
#else
  (void)argc;
  return 0;
#endif
}

